<?xml version="1.0" encoding="UTF-8"?>
<!-- Generated by org.testng.reporters.JUnitXMLReporter -->
<testsuite ignored="0" hostname="Pcasa" failures="5" tests="6" name="Test" time="11.446" errors="0" timestamp="2022-12-13T21:25:54 ART">
  <testcase classname="edit.CeducacionIT15112022.laboratorio11" name="login" time="3.316"/>
  <testcase classname="edit.CeducacionIT15112022.laboratorio11" name="login" time="1.564">
    <failure type="java.lang.AssertionError" message="expected [http://automationpractice.pl/index.php?controller=authentication] but found [http://automationpractice.pl/index.php?controller=my-account]">
      <![CDATA[java.lang.AssertionError: expected [http://automationpractice.pl/index.php?controller=authentication] but found [http://automationpractice.pl/index.php?controller=my-account]
at edit.CeducacionIT15112022.laboratorio11.login(laboratorio11.java:59)
at java.base/java.util.ArrayList.forEach(ArrayList.java:1511)
... Removed 31 stack frames]]>
    </failure>
  </testcase> <!-- login -->
  <testcase classname="edit.CeducacionIT15112022.laboratorio11" name="login" time="1.623">
    <failure type="java.lang.AssertionError" message="expected [http://automationpractice.pl/index.php?controller=authentication] but found [http://automationpractice.pl/index.php?controller=my-account]">
      <![CDATA[java.lang.AssertionError: expected [http://automationpractice.pl/index.php?controller=authentication] but found [http://automationpractice.pl/index.php?controller=my-account]
at edit.CeducacionIT15112022.laboratorio11.login(laboratorio11.java:59)
at java.base/java.util.ArrayList.forEach(ArrayList.java:1511)
... Removed 31 stack frames]]>
    </failure>
  </testcase> <!-- login -->
  <testcase classname="edit.CeducacionIT15112022.laboratorio11" name="login" time="1.499">
    <failure type="java.lang.AssertionError" message="expected [http://automationpractice.pl/index.php?controller=authentication] but found [http://automationpractice.pl/index.php?controller=my-account]">
      <![CDATA[java.lang.AssertionError: expected [http://automationpractice.pl/index.php?controller=authentication] but found [http://automationpractice.pl/index.php?controller=my-account]
at edit.CeducacionIT15112022.laboratorio11.login(laboratorio11.java:59)
at java.base/java.util.ArrayList.forEach(ArrayList.java:1511)
... Removed 31 stack frames]]>
    </failure>
  </testcase> <!-- login -->
  <testcase classname="edit.CeducacionIT15112022.laboratorio11" name="login" time="1.556">
    <failure type="java.lang.AssertionError" message="expected [http://automationpractice.pl/index.php?controller=authentication] but found [http://automationpractice.pl/index.php?controller=my-account]">
      <![CDATA[java.lang.AssertionError: expected [http://automationpractice.pl/index.php?controller=authentication] but found [http://automationpractice.pl/index.php?controller=my-account]
at edit.CeducacionIT15112022.laboratorio11.login(laboratorio11.java:59)
at java.base/java.util.ArrayList.forEach(ArrayList.java:1511)
... Removed 31 stack frames]]>
    </failure>
  </testcase> <!-- login -->
  <testcase classname="edit.CeducacionIT15112022.laboratorio11" name="login" time="1.418">
    <failure type="java.lang.AssertionError" message="expected [http://automationpractice.pl/index.php?controller=authentication] but found [http://automationpractice.pl/index.php?controller=my-account]">
      <![CDATA[java.lang.AssertionError: expected [http://automationpractice.pl/index.php?controller=authentication] but found [http://automationpractice.pl/index.php?controller=my-account]
at edit.CeducacionIT15112022.laboratorio11.login(laboratorio11.java:59)
at java.base/java.util.ArrayList.forEach(ArrayList.java:1511)
... Removed 31 stack frames]]>
    </failure>
  </testcase> <!-- login -->
</testsuite> <!-- Test -->
